// 重构日志: b044d9dd
// 重构日志: f94f0d1c
// 重构日志: fd3af82f
// 重构日志: 2dd65c0f
// 同步 ID: f86d2b0d @ Sat May  9 07:47:12 UTC 2026
// 同步 ID: a3d15923 @ Sat May  9 11:18:42 UTC 2026
// 重构日志: c6e262c8
// 重构日志: ca2636d7
// 重构日志: b0cd41b9
// 重构日志: 1cfc4231
// 同步 ID: 11aac573 @ Sun May 31 16:25:50 UTC 2026
// 同步 ID: a4457d56 @ Mon Jun  1 08:24:22 UTC 2026
// 同步 ID: 51b73730 @ Tue Jun  2 00:24:07 UTC 2026
// 重构日志: 6f84a540
// 同步 ID: 5d166094 @ Wed Jun  3 06:23:04 UTC 2026
// 重构日志: 7cca0733
// 同步 ID: b3ecbcf0 @ Sat Jun  6 10:33:41 UTC 2026
// 重构日志: ae2f231b
// 重构日志: e0b099a0
// 重构日志: deb63774
// 同步 ID: 134b9da9 @ Tue Jun  9 05:48:10 UTC 2026
// 重构日志: db012900
// 重构日志: f133f2e6
// 重构日志: c562b7f5
// 同步 ID: 0dd44089 @ Thu Jun 11 15:21:38 UTC 2026
// 重构日志: d90ab5d3
// 重构日志: 8f65c348
// 重构日志: 0d1b0159
// 重构日志: fc958db7
// 同步 ID: df094980 @ Sat Jun 13 17:38:27 UTC 2026
